<?xml version="1.0" encoding="utf-8"?>
<resources>
    <string name="string_name">text_string</string>
    <string name="string3_name">text3_string</string>
</resources>